2021-11-03 00:07:42.330  INFO 148 --- [main] lavalink.server.Launcher                 : 

[32m       .  [31m _                  _ _       _    [32m__ _ _
[32m      /\\ [31m| | __ ___   ____ _| (_)_ __ | | __[32m\ \ \ \
[32m     ( ( )[31m| |/ _` \ \ / / _` | | | '_ \| |/ /[32m \ \ \ \
[32m      \\/ [31m| | (_| |\ V / (_| | | | | | |   < [32m  ) ) ) )
[32m       '  [31m|_|\__,_| \_/ \__,_|_|_|_| |_|_|\_\[32m / / / /
[0m    =========================================[32m/_/_/_/[0m

	Version:        3.3.2.3
	Build:          1239
	Build time:     31.08.2021 17:26:20 UTC
	Branch          main
	Commit:         2ad6b46
	Commit time:    31.08.2021 17:17:13 UTC
	JVM:            16
	Lavaplayer      1.3.93-original

2021-11-03 00:07:43.768  INFO 148 --- [main] lavalink.server.Launcher                 : Starting Launcher on 807d0869b0e4 with PID 148 (/home/runner/lavalink-replit/Lavalink.jar started by runner in /home/runner/lavalink-replit)
2021-11-03 00:07:43.769  INFO 148 --- [main] lavalink.server.Launcher                 : No active profile set, falling back to default profiles: default
2021-11-03 00:07:44.622  WARN 148 --- [background-preinit] o.s.h.c.j.Jackson2ObjectMapperBuilder    : For Jackson Kotlin classes support please add "com.fasterxml.jackson.module:jackson-module-kotlin" to the classpath
2021-11-03 05:36:52.458  INFO 220 --- [main] lavalink.server.Launcher                 : 

[32m       .  [31m _                  _ _       _    [32m__ _ _
[32m      /\\ [31m| | __ ___   ____ _| (_)_ __ | | __[32m\ \ \ \
[32m     ( ( )[31m| |/ _` \ \ / / _` | | | '_ \| |/ /[32m \ \ \ \
[32m      \\/ [31m| | (_| |\ V / (_| | | | | | |   < [32m  ) ) ) )
[32m       '  [31m|_|\__,_| \_/ \__,_|_|_|_| |_|_|\_\[32m / / / /
[0m    =========================================[32m/_/_/_/[0m

	Version:        3.3.2.3
	Build:          1239
	Build time:     31.08.2021 17:26:20 UTC
	Branch          main
	Commit:         2ad6b46
	Commit time:    31.08.2021 17:17:13 UTC
	JVM:            16
	Lavaplayer      1.3.93-original

2021-11-03 05:36:53.782  INFO 220 --- [main] lavalink.server.Launcher                 : Starting Launcher on 3041f6a5d7ff with PID 220 (/home/runner/lavalink-replit/Lavalink.jar started by runner in /home/runner/lavalink-replit)
2021-11-03 05:36:53.795  INFO 220 --- [main] lavalink.server.Launcher                 : No active profile set, falling back to default profiles: default
2021-11-03 05:36:54.897  WARN 220 --- [background-preinit] o.s.h.c.j.Jackson2ObjectMapperBuilder    : For Jackson Kotlin classes support please add "com.fasterxml.jackson.module:jackson-module-kotlin" to the classpath
2021-11-03 08:37:40.311  INFO 168 --- [main] lavalink.server.Launcher                 : 

[32m       .  [31m _                  _ _       _    [32m__ _ _
[32m      /\\ [31m| | __ ___   ____ _| (_)_ __ | | __[32m\ \ \ \
[32m     ( ( )[31m| |/ _` \ \ / / _` | | | '_ \| |/ /[32m \ \ \ \
[32m      \\/ [31m| | (_| |\ V / (_| | | | | | |   < [32m  ) ) ) )
[32m       '  [31m|_|\__,_| \_/ \__,_|_|_|_| |_|_|\_\[32m / / / /
[0m    =========================================[32m/_/_/_/[0m

	Version:        3.3.2.3
	Build:          1239
	Build time:     31.08.2021 17:26:20 UTC
	Branch          main
	Commit:         2ad6b46
	Commit time:    31.08.2021 17:17:13 UTC
	JVM:            16
	Lavaplayer      1.3.93-original

2021-11-03 08:37:41.447  INFO 168 --- [main] lavalink.server.Launcher                 : Starting Launcher on 2a239e382c3a with PID 168 (/home/runner/lavalink-replit/Lavalink.jar started by runner in /home/runner/lavalink-replit)
2021-11-03 08:37:41.454  INFO 168 --- [main] lavalink.server.Launcher                 : No active profile set, falling back to default profiles: default
2021-11-03 08:37:42.518  WARN 168 --- [background-preinit] o.s.h.c.j.Jackson2ObjectMapperBuilder    : For Jackson Kotlin classes support please add "com.fasterxml.jackson.module:jackson-module-kotlin" to the classpath
2021-11-03 08:46:01.660  INFO 168 --- [main] lavalink.server.Launcher                 : 

[32m       .  [31m _                  _ _       _    [32m__ _ _
[32m      /\\ [31m| | __ ___   ____ _| (_)_ __ | | __[32m\ \ \ \
[32m     ( ( )[31m| |/ _` \ \ / / _` | | | '_ \| |/ /[32m \ \ \ \
[32m      \\/ [31m| | (_| |\ V / (_| | | | | | |   < [32m  ) ) ) )
[32m       '  [31m|_|\__,_| \_/ \__,_|_|_|_| |_|_|\_\[32m / / / /
[0m    =========================================[32m/_/_/_/[0m

	Version:        3.3.2.3
	Build:          1239
	Build time:     31.08.2021 17:26:20 UTC
	Branch          main
	Commit:         2ad6b46
	Commit time:    31.08.2021 17:17:13 UTC
	JVM:            16
	Lavaplayer      1.3.93-original

2021-11-03 08:46:01.848  INFO 168 --- [main] lavalink.server.Launcher                 : Starting Launcher on f1a210fafafc with PID 168 (/home/runner/lavalink-replit/Lavalink.jar started by runner in /home/runner/lavalink-replit)
2021-11-03 08:46:01.849  INFO 168 --- [main] lavalink.server.Launcher                 : No active profile set, falling back to default profiles: default
2021-11-03 08:46:02.049  WARN 168 --- [background-preinit] o.s.h.c.j.Jackson2ObjectMapperBuilder    : For Jackson Kotlin classes support please add "com.fasterxml.jackson.module:jackson-module-kotlin" to the classpath
2021-11-03 08:46:03.499  WARN 168 --- [main] io.undertow.websockets.jsr               : UT026010: Buffer pool was not set on WebSocketDeploymentInfo, the default pool will be used
2021-11-03 08:46:03.530  INFO 168 --- [main] io.undertow.servlet                      : Initializing Spring embedded WebApplicationContext
2021-11-03 08:46:03.530  INFO 168 --- [main] o.s.web.context.ContextLoader            : Root WebApplicationContext: initialization completed in 1596 ms
2021-11-03 08:46:04.022  WARN 168 --- [main] l.server.config.SentryConfiguration      : Turning off sentry
2021-11-03 08:46:04.501  INFO 168 --- [main] c.s.d.l.tools.GarbageCollectionMonitor   : GC monitoring enabled, reporting results every 2 minutes.
2021-11-03 08:46:04.748  INFO 168 --- [main] lavalink.server.config.KoeConfiguration  : OS: Linux, Arch: amd64
2021-11-03 08:46:04.749  INFO 168 --- [main] lavalink.server.config.KoeConfiguration  : Enabling JDA-NAS
2021-11-03 08:46:04.753  INFO 168 --- [main] c.s.l.c.natives.NativeLibraryLoader      : Native library udpqueue: loading with filter null
2021-11-03 08:46:04.757  INFO 168 --- [main] c.s.l.c.natives.NativeLibraryLoader      : Native library udpqueue: successfully loaded.
2021-11-03 08:46:05.044  INFO 168 --- [main] o.s.s.concurrent.ThreadPoolTaskExecutor  : Initializing ExecutorService 'applicationTaskExecutor'
2021-11-03 08:46:05.408  INFO 168 --- [main] org.xnio                                 : XNIO version 3.3.8.Final
2021-11-03 08:46:05.432  INFO 168 --- [main] org.xnio.nio                             : XNIO NIO Implementation Version 3.3.8.Final
2021-11-03 08:46:05.481  INFO 168 --- [main] o.s.b.w.e.u.UndertowServletWebServer     : Undertow started on port(s) 443 (http) with context path ''
2021-11-03 08:46:05.485  INFO 168 --- [main] lavalink.server.Launcher                 : Started Launcher in 4.835 seconds (JVM running for 5.502)
2021-11-03 08:46:05.487  INFO 168 --- [main] lavalink.server.Launcher                 : You can safely ignore the big red warning about illegal reflection. See https://github.com/freyacodes/Lavalink/issues/295
2021-11-03 08:46:28.053  INFO 168 --- [XNIO-1 task-1] io.undertow.servlet                      : Initializing Spring DispatcherServlet 'dispatcherServlet'
2021-11-03 08:46:28.054  INFO 168 --- [XNIO-1 task-1] o.s.web.servlet.DispatcherServlet        : Initializing Servlet 'dispatcherServlet'
2021-11-03 08:46:28.060  INFO 168 --- [XNIO-1 task-1] o.s.web.servlet.DispatcherServlet        : Completed initialization in 6 ms
2021-11-03 08:46:28.079 ERROR 168 --- [XNIO-1 task-1] l.server.io.HandshakeInterceptorImpl     : Authentication failed from /172.18.0.1:47042
